---------------------------------------
Begin Slurm Prolog: Feb-21-2024 14:22:26
Job ID:    5034242
User ID:   thuang374
Account:   gts-ll72
Job name:  lockdown
Partition: gpu-h100
QOS:       inferno
---------------------------------------

The following have been reloaded with a version change:
  1) libiconv/1.16-pbdcxj => libiconv/1.17
  2) libxml2/2.9.13-d4fgiv => libxml2/2.10.3
  3) xz/5.2.2-kbeci4 => xz/5.4.1
  4) zlib/1.2.7-s3gked => zlib/1.2.13

/storage/home/hcoda1/7/thuang374/.conda/envs/hts/lib/python3.9/site-packages/torch/nn/functional.py:3769: UserWarning: nn.functional.upsample is deprecated. Use nn.functional.interpolate instead.
  warnings.warn("nn.functional.upsample is deprecated. Use nn.functional.interpolate instead.")
/storage/home/hcoda1/7/thuang374/.conda/envs/hts/lib/python3.9/site-packages/torch/functional.py:504: UserWarning: torch.meshgrid: in an upcoming release, it will be required to pass the indexing argument. (Triggered internally at /opt/conda/conda-bld/pytorch_1695392035629/work/aten/src/ATen/native/TensorShape.cpp:3526.)
  return _VF.meshgrid(tensors, **kwargs)  # type: ignore[attr-defined]
/storage/home/hcoda1/7/thuang374/.conda/envs/hts/lib/python3.9/site-packages/torch/nn/functional.py:3769: UserWarning: nn.functional.upsample is deprecated. Use nn.functional.interpolate instead.
  warnings.warn("nn.functional.upsample is deprecated. Use nn.functional.interpolate instead.")
/storage/home/hcoda1/7/thuang374/.conda/envs/hts/lib/python3.9/site-packages/torch/functional.py:504: UserWarning: torch.meshgrid: in an upcoming release, it will be required to pass the indexing argument. (Triggered internally at /opt/conda/conda-bld/pytorch_1695392035629/work/aten/src/ATen/native/TensorShape.cpp:3526.)
  return _VF.meshgrid(tensors, **kwargs)  # type: ignore[attr-defined]
/storage/home/hcoda1/7/thuang374/.conda/envs/hts/lib/python3.9/site-packages/torch/nn/functional.py:3769: UserWarning: nn.functional.upsample is deprecated. Use nn.functional.interpolate instead.
  warnings.warn("nn.functional.upsample is deprecated. Use nn.functional.interpolate instead.")
/storage/home/hcoda1/7/thuang374/.conda/envs/hts/lib/python3.9/site-packages/torch/functional.py:504: UserWarning: torch.meshgrid: in an upcoming release, it will be required to pass the indexing argument. (Triggered internally at /opt/conda/conda-bld/pytorch_1695392035629/work/aten/src/ATen/native/TensorShape.cpp:3526.)
  return _VF.meshgrid(tensors, **kwargs)  # type: ignore[attr-defined]
/storage/home/hcoda1/7/thuang374/.conda/envs/hts/lib/python3.9/site-packages/torch/nn/functional.py:3769: UserWarning: nn.functional.upsample is deprecated. Use nn.functional.interpolate instead.
  warnings.warn("nn.functional.upsample is deprecated. Use nn.functional.interpolate instead.")
/storage/home/hcoda1/7/thuang374/.conda/envs/hts/lib/python3.9/site-packages/torch/functional.py:504: UserWarning: torch.meshgrid: in an upcoming release, it will be required to pass the indexing argument. (Triggered internally at /opt/conda/conda-bld/pytorch_1695392035629/work/aten/src/ATen/native/TensorShape.cpp:3526.)
  return _VF.meshgrid(tensors, **kwargs)  # type: ignore[attr-defined]
/storage/home/hcoda1/7/thuang374/.conda/envs/hts/lib/python3.9/site-packages/torch/nn/functional.py:3769: UserWarning: nn.functional.upsample is deprecated. Use nn.functional.interpolate instead.
  warnings.warn("nn.functional.upsample is deprecated. Use nn.functional.interpolate instead.")
/storage/home/hcoda1/7/thuang374/.conda/envs/hts/lib/python3.9/site-packages/torch/functional.py:504: UserWarning: torch.meshgrid: in an upcoming release, it will be required to pass the indexing argument. (Triggered internally at /opt/conda/conda-bld/pytorch_1695392035629/work/aten/src/ATen/native/TensorShape.cpp:3526.)
  return _VF.meshgrid(tensors, **kwargs)  # type: ignore[attr-defined]
Files already downloaded and verified
Files already downloaded and verified
Traceback (most recent call last):
  File "/storage/coda1/p-ll72/0/thuang374/hts3/Silencer/src/decentralized.py", line 501, in <module>
    else:
  File "/storage/coda1/p-ll72/0/thuang374/hts3/Silencer/src/agent.py", line 147, in local_train
    inputs, labels = inputs.to(device=self.args.device, non_blocking=True), \
RuntimeError: CUDA error: unspecified launch failure
CUDA kernel errors might be asynchronously reported at some other API call, so the stacktrace below might be incorrect.
For debugging consider passing CUDA_LAUNCH_BLOCKING=1.
Compile with `TORCH_USE_CUDA_DSA` to enable device-side assertions.

Files already downloaded and verified
Files already downloaded and verified
Files already downloaded and verified
Files already downloaded and verified
Files already downloaded and verified
Files already downloaded and verified
Files already downloaded and verified
Files already downloaded and verified
---------------------------------------
Begin Slurm Epilog: Feb-22-2024 00:09:45
Job ID:        5034242
Array Job ID:  _4294967294
User ID:       thuang374
Account:       gts-ll72
Job name:      lockdown
Resources:     cpu=8,mem=80G,node=1
Rsrc Used:     cput=3-06:18:40,vmem=64232708K,walltime=09:47:20,mem=64115628K,energy_used=0
Partition:     gpu-h100
QOS:           inferno
Nodes:         atl1-1-01-006-24-0
---------------------------------------
