---------------------------------------
Begin Slurm Prolog: Feb-22-2024 17:24:34
Job ID:    5046925
User ID:   thuang374
Account:   gts-ll72-paid
Job name:  lockdown
Partition: gpu-h100
QOS:       inferno
---------------------------------------

The following have been reloaded with a version change:
  1) libiconv/1.16-pbdcxj => libiconv/1.17
  2) libxml2/2.9.13-d4fgiv => libxml2/2.10.3
  3) xz/5.2.2-kbeci4 => xz/5.4.1
  4) zlib/1.2.7-s3gked => zlib/1.2.13

Files already downloaded and verified
Files already downloaded and verified
Sparsity of var:conv1.1.weight had to be set to 0.
Sparsity of var:conv1.1.bias had to be set to 0.
Sparsity of var:conv2.1.weight had to be set to 0.
Sparsity of var:conv2.1.bias had to be set to 0.
Sparsity of var:res1.0.1.weight had to be set to 0.
Sparsity of var:res1.0.1.bias had to be set to 0.
Sparsity of var:res1.1.1.weight had to be set to 0.
Sparsity of var:res1.1.1.bias had to be set to 0.
Sparsity of var:conv3.1.weight had to be set to 0.
Sparsity of var:conv3.1.bias had to be set to 0.
Sparsity of var:conv4.1.weight had to be set to 0.
Sparsity of var:conv4.1.bias had to be set to 0.
Sparsity of var:res2.0.1.weight had to be set to 0.
Sparsity of var:res2.0.1.bias had to be set to 0.
Sparsity of var:res2.1.1.weight had to be set to 0.
Sparsity of var:res2.1.1.bias had to be set to 0.
Sparsity of var:classifier.2.weight had to be set to 0.
Sparsity of var:conv1.0.weight had to be set to 0.
Sparsity of var:conv2.0.weight had to be set to 0.
tensor([1., 9., 6.,  ..., 1., 1., 6.])
Client   0: 0.132, 0.325, 0.004, 0.004, 0.034, 0.002, 0.166, 0.059, 0.004, 0.272, Amount:1365
tensor([0., 0., 0., 0., 0., 0., 0., 0., 0., 0., 0., 0., 0., 1., 1., 1., 1., 1.,
        1., 1., 1., 1., 1., 1., 1., 1., 1., 1., 1., 1., 1., 1., 1., 1., 1., 1.,
        1., 1., 1., 1., 1., 1., 1., 1., 1., 4., 4., 4., 6., 6., 6., 6., 6., 6.,
        6., 6., 6., 6., 6., 6., 6., 6., 6., 6., 7., 7., 7., 7., 7., 9., 9., 9.,
        9., 9., 9., 9., 9., 9., 9., 9., 9., 9., 9., 9., 9., 9., 9., 9., 9., 9.,
        9., 9., 9., 9., 9., 9.])
Traceback (most recent call last):
  File "/storage/coda1/p-ll72/0/thuang374/hts3/Silencer/src/decentralized.py", line 458, in <module>
    client_per_test_loader_list,  client_per_backdoor_loader_list = construct_personalized_val(val_dataset, agents)
  File "/storage/coda1/p-ll72/0/thuang374/hts3/Silencer/src/decentralized.py", line 98, in construct_personalized_val
    idxs = (client_backdoor_dataset.dataset.targets != args.target_class).nonzero().flatten().tolist()
UnboundLocalError: local variable 'client_backdoor_dataset' referenced before assignment
Files already downloaded and verified
Files already downloaded and verified
Sparsity of var:conv1.1.weight had to be set to 0.
Sparsity of var:conv1.1.bias had to be set to 0.
Sparsity of var:conv2.1.weight had to be set to 0.
Sparsity of var:conv2.1.bias had to be set to 0.
Sparsity of var:res1.0.1.weight had to be set to 0.
Sparsity of var:res1.0.1.bias had to be set to 0.
Sparsity of var:res1.1.1.weight had to be set to 0.
Sparsity of var:res1.1.1.bias had to be set to 0.
Sparsity of var:conv3.1.weight had to be set to 0.
Sparsity of var:conv3.1.bias had to be set to 0.
Sparsity of var:conv4.1.weight had to be set to 0.
Sparsity of var:conv4.1.bias had to be set to 0.
Sparsity of var:res2.0.1.weight had to be set to 0.
Sparsity of var:res2.0.1.bias had to be set to 0.
Sparsity of var:res2.1.1.weight had to be set to 0.
Sparsity of var:res2.1.1.bias had to be set to 0.
Sparsity of var:classifier.2.weight had to be set to 0.
Sparsity of var:conv1.0.weight had to be set to 0.
Sparsity of var:conv2.0.weight had to be set to 0.
tensor([2., 5., 0.,  ..., 1., 4., 1.])
Client   0: 0.112, 0.336, 0.172, 0.007, 0.061, 0.007, 0.000, 0.305, 0.000, 0.000, Amount:1336
tensor([0., 0., 0., 0., 0., 0., 0., 0., 0., 0., 0., 1., 1., 1., 1., 1., 1., 1.,
        1., 1., 1., 1., 1., 1., 1., 1., 1., 1., 1., 1., 1., 1., 1., 1., 1., 1.,
        1., 1., 1., 1., 1., 1., 1., 1., 2., 2., 2., 2., 2., 2., 2., 2., 2., 2.,
        2., 2., 2., 2., 2., 2., 2., 4., 4., 4., 4., 4., 4., 7., 7., 7., 7., 7.,
        7., 7., 7., 7., 7., 7., 7., 7., 7., 7., 7., 7., 7., 7., 7., 7., 7., 7.,
        7., 7., 7., 7., 7., 7., 7.])
Traceback (most recent call last):
  File "/storage/coda1/p-ll72/0/thuang374/hts3/Silencer/src/decentralized.py", line 458, in <module>
    client_per_test_loader_list,  client_per_backdoor_loader_list = construct_personalized_val(val_dataset, agents)
  File "/storage/coda1/p-ll72/0/thuang374/hts3/Silencer/src/decentralized.py", line 98, in construct_personalized_val
    idxs = (client_backdoor_dataset.dataset.targets != args.target_class).nonzero().flatten().tolist()
UnboundLocalError: local variable 'client_backdoor_dataset' referenced before assignment
Files already downloaded and verified
Files already downloaded and verified
Sparsity of var:conv1.1.weight had to be set to 0.
Sparsity of var:conv1.1.bias had to be set to 0.
Sparsity of var:conv2.1.weight had to be set to 0.
Sparsity of var:conv2.1.bias had to be set to 0.
Sparsity of var:res1.0.1.weight had to be set to 0.
Sparsity of var:res1.0.1.bias had to be set to 0.
Sparsity of var:res1.1.1.weight had to be set to 0.
Sparsity of var:res1.1.1.bias had to be set to 0.
Sparsity of var:conv3.1.weight had to be set to 0.
Sparsity of var:conv3.1.bias had to be set to 0.
Sparsity of var:conv4.1.weight had to be set to 0.
Sparsity of var:conv4.1.bias had to be set to 0.
Sparsity of var:res2.0.1.weight had to be set to 0.
Sparsity of var:res2.0.1.bias had to be set to 0.
Sparsity of var:res2.1.1.weight had to be set to 0.
Sparsity of var:res2.1.1.bias had to be set to 0.
Sparsity of var:classifier.2.weight had to be set to 0.
Sparsity of var:conv1.0.weight had to be set to 0.
Sparsity of var:conv2.0.weight had to be set to 0.
tensor([2., 1., 2.,  ..., 2., 3., 3.])
Client   0: 0.092, 0.263, 0.148, 0.497, 0.000, 0.000, 0.000, 0.000, 0.000, 0.000, Amount:1805
tensor([0., 0., 0., 0., 0., 0., 0., 0., 0., 1., 1., 1., 1., 1., 1., 1., 1., 1.,
        1., 1., 1., 1., 1., 1., 1., 1., 1., 1., 1., 1., 1., 1., 1., 1., 1., 2.,
        2., 2., 2., 2., 2., 2., 2., 2., 2., 2., 2., 2., 2., 3., 3., 3., 3., 3.,
        3., 3., 3., 3., 3., 3., 3., 3., 3., 3., 3., 3., 3., 3., 3., 3., 3., 3.,
        3., 3., 3., 3., 3., 3., 3., 3., 3., 3., 3., 3., 3., 3., 3., 3., 3., 3.,
        3., 3., 3., 3., 3., 3., 3., 3.])
Traceback (most recent call last):
  File "/storage/coda1/p-ll72/0/thuang374/hts3/Silencer/src/decentralized.py", line 458, in <module>
    client_per_test_loader_list,  client_per_backdoor_loader_list = construct_personalized_val(val_dataset, agents)
  File "/storage/coda1/p-ll72/0/thuang374/hts3/Silencer/src/decentralized.py", line 98, in construct_personalized_val
    idxs = (client_backdoor_dataset.dataset.targets != args.target_class).nonzero().flatten().tolist()
UnboundLocalError: local variable 'client_backdoor_dataset' referenced before assignment
Files already downloaded and verified
Files already downloaded and verified
Sparsity of var:conv1.1.weight had to be set to 0.
Sparsity of var:conv1.1.bias had to be set to 0.
Sparsity of var:conv2.1.weight had to be set to 0.
Sparsity of var:conv2.1.bias had to be set to 0.
Sparsity of var:res1.0.1.weight had to be set to 0.
Sparsity of var:res1.0.1.bias had to be set to 0.
Sparsity of var:res1.1.1.weight had to be set to 0.
Sparsity of var:res1.1.1.bias had to be set to 0.
Sparsity of var:conv3.1.weight had to be set to 0.
Sparsity of var:conv3.1.bias had to be set to 0.
Sparsity of var:conv4.1.weight had to be set to 0.
Sparsity of var:conv4.1.bias had to be set to 0.
Sparsity of var:res2.0.1.weight had to be set to 0.
Sparsity of var:res2.0.1.bias had to be set to 0.
Sparsity of var:res2.1.1.weight had to be set to 0.
Sparsity of var:res2.1.1.bias had to be set to 0.
Sparsity of var:classifier.2.weight had to be set to 0.
Sparsity of var:conv1.0.weight had to be set to 0.
Sparsity of var:conv2.0.weight had to be set to 0.
tensor([6., 1., 7.,  ..., 7., 7., 1.])
Client   0: 0.087, 0.015, 0.000, 0.000, 0.051, 0.000, 0.605, 0.242, 0.000, 0.000, Amount:1503
tensor([0., 0., 0., 0., 0., 0., 0., 0., 1., 4., 4., 4., 4., 4., 6., 6., 6., 6.,
        6., 6., 6., 6., 6., 6., 6., 6., 6., 6., 6., 6., 6., 6., 6., 6., 6., 6.,
        6., 6., 6., 6., 6., 6., 6., 6., 6., 6., 6., 6., 6., 6., 6., 6., 6., 6.,
        6., 6., 6., 6., 6., 6., 6., 6., 6., 6., 6., 6., 6., 6., 6., 6., 6., 6.,
        6., 6., 7., 7., 7., 7., 7., 7., 7., 7., 7., 7., 7., 7., 7., 7., 7., 7.,
        7., 7., 7., 7., 7., 7., 7., 7.])
Traceback (most recent call last):
  File "/storage/coda1/p-ll72/0/thuang374/hts3/Silencer/src/decentralized.py", line 458, in <module>
    client_per_test_loader_list,  client_per_backdoor_loader_list = construct_personalized_val(val_dataset, agents)
  File "/storage/coda1/p-ll72/0/thuang374/hts3/Silencer/src/decentralized.py", line 98, in construct_personalized_val
    idxs = (client_backdoor_dataset.dataset.targets != args.target_class).nonzero().flatten().tolist()
UnboundLocalError: local variable 'client_backdoor_dataset' referenced before assignment
Files already downloaded and verified
Files already downloaded and verified
Sparsity of var:conv1.1.weight had to be set to 0.
Sparsity of var:conv1.1.bias had to be set to 0.
Sparsity of var:conv2.1.weight had to be set to 0.
Sparsity of var:conv2.1.bias had to be set to 0.
Sparsity of var:res1.0.1.weight had to be set to 0.
Sparsity of var:res1.0.1.bias had to be set to 0.
Sparsity of var:res1.1.1.weight had to be set to 0.
Sparsity of var:res1.1.1.bias had to be set to 0.
Sparsity of var:conv3.1.weight had to be set to 0.
Sparsity of var:conv3.1.bias had to be set to 0.
Sparsity of var:conv4.1.weight had to be set to 0.
Sparsity of var:conv4.1.bias had to be set to 0.
Sparsity of var:res2.0.1.weight had to be set to 0.
Sparsity of var:res2.0.1.bias had to be set to 0.
Sparsity of var:res2.1.1.weight had to be set to 0.
Sparsity of var:res2.1.1.bias had to be set to 0.
Sparsity of var:classifier.2.weight had to be set to 0.
Sparsity of var:conv1.0.weight had to be set to 0.
Sparsity of var:conv2.0.weight had to be set to 0.
tensor([0., 9., 9.,  ..., 8., 1., 4.])
Client   0: 0.182, 0.171, 0.038, 0.057, 0.082, 0.063, 0.025, 0.026, 0.154, 0.202, Amount:1038
tensor([0., 0., 0., 0., 0., 0., 0., 0., 0., 0., 0., 0., 0., 0., 0., 0., 0., 0.,
        1., 1., 1., 1., 1., 1., 1., 1., 1., 1., 1., 1., 1., 1., 1., 1., 1., 2.,
        2., 2., 3., 3., 3., 3., 3., 4., 4., 4., 4., 4., 4., 4., 4., 5., 5., 5.,
        5., 5., 5., 6., 6., 7., 7., 8., 8., 8., 8., 8., 8., 8., 8., 8., 8., 8.,
        8., 8., 8., 8., 9., 9., 9., 9., 9., 9., 9., 9., 9., 9., 9., 9., 9., 9.,
        9., 9., 9., 9., 9., 9.])
Traceback (most recent call last):
  File "/storage/coda1/p-ll72/0/thuang374/hts3/Silencer/src/decentralized.py", line 458, in <module>
    client_per_test_loader_list,  client_per_backdoor_loader_list = construct_personalized_val(val_dataset, agents)
  File "/storage/coda1/p-ll72/0/thuang374/hts3/Silencer/src/decentralized.py", line 98, in construct_personalized_val
    idxs = (client_backdoor_dataset.dataset.targets != args.target_class).nonzero().flatten().tolist()
UnboundLocalError: local variable 'client_backdoor_dataset' referenced before assignment
---------------------------------------
Begin Slurm Epilog: Feb-22-2024 17:25:13
Job ID:        5046925
Array Job ID:  _4294967294
User ID:       thuang374
Account:       gts-ll72-paid
Job name:      lockdown
Resources:     cpu=8,mem=80G,node=1
Rsrc Used:     cput=00:05:12,vmem=7822792K,walltime=00:00:39,mem=7689524K,energy_used=0
Partition:     gpu-h100
QOS:           inferno
Nodes:         atl1-1-01-006-24-0
---------------------------------------
