---------------------------------------
Begin Slurm Prolog: Feb-20-2024 13:32:55
Job ID:    5021852
User ID:   thuang374
Account:   gts-ll72
Job name:  lockdown
Partition: gpu-h100
QOS:       inferno
---------------------------------------

The following have been reloaded with a version change:
  1) libiconv/1.16-pbdcxj => libiconv/1.17
  2) libxml2/2.9.13-d4fgiv => libxml2/2.10.3
  3) xz/5.2.2-kbeci4 => xz/5.4.1
  4) zlib/1.2.7-s3gked => zlib/1.2.13

/storage/coda1/p-ll72/0/thuang374/hts3/Silencer/src/utils.py:161: UserWarning: To copy construct from a tensor, it is recommended to use sourceTensor.clone().detach() or sourceTensor.clone().detach().requires_grad_(True), rather than torch.tensor(sourceTensor).
  labels_sorted = torch.tensor(dataset.targets).sort()
/storage/coda1/p-ll72/0/thuang374/hts3/Silencer/src/utils.py:161: UserWarning: To copy construct from a tensor, it is recommended to use sourceTensor.clone().detach() or sourceTensor.clone().detach().requires_grad_(True), rather than torch.tensor(sourceTensor).
  labels_sorted = torch.tensor(dataset.targets).sort()
/storage/coda1/p-ll72/0/thuang374/hts3/Silencer/src/utils.py:161: UserWarning: To copy construct from a tensor, it is recommended to use sourceTensor.clone().detach() or sourceTensor.clone().detach().requires_grad_(True), rather than torch.tensor(sourceTensor).
  labels_sorted = torch.tensor(dataset.targets).sort()
/storage/home/hcoda1/7/thuang374/.conda/envs/hts/lib/python3.9/site-packages/torch/nn/functional.py:3769: UserWarning: nn.functional.upsample is deprecated. Use nn.functional.interpolate instead.
  warnings.warn("nn.functional.upsample is deprecated. Use nn.functional.interpolate instead.")
/storage/home/hcoda1/7/thuang374/.conda/envs/hts/lib/python3.9/site-packages/torch/functional.py:504: UserWarning: torch.meshgrid: in an upcoming release, it will be required to pass the indexing argument. (Triggered internally at /opt/conda/conda-bld/pytorch_1695392035629/work/aten/src/ATen/native/TensorShape.cpp:3526.)
  return _VF.meshgrid(tensors, **kwargs)  # type: ignore[attr-defined]
/storage/home/hcoda1/7/thuang374/.conda/envs/hts/lib/python3.9/site-packages/torch/nn/functional.py:3769: UserWarning: nn.functional.upsample is deprecated. Use nn.functional.interpolate instead.
  warnings.warn("nn.functional.upsample is deprecated. Use nn.functional.interpolate instead.")
/storage/home/hcoda1/7/thuang374/.conda/envs/hts/lib/python3.9/site-packages/torch/functional.py:504: UserWarning: torch.meshgrid: in an upcoming release, it will be required to pass the indexing argument. (Triggered internally at /opt/conda/conda-bld/pytorch_1695392035629/work/aten/src/ATen/native/TensorShape.cpp:3526.)
  return _VF.meshgrid(tensors, **kwargs)  # type: ignore[attr-defined]
/storage/home/hcoda1/7/thuang374/.conda/envs/hts/lib/python3.9/site-packages/torch/nn/functional.py:3769: UserWarning: nn.functional.upsample is deprecated. Use nn.functional.interpolate instead.
  warnings.warn("nn.functional.upsample is deprecated. Use nn.functional.interpolate instead.")
/storage/home/hcoda1/7/thuang374/.conda/envs/hts/lib/python3.9/site-packages/torch/functional.py:504: UserWarning: torch.meshgrid: in an upcoming release, it will be required to pass the indexing argument. (Triggered internally at /opt/conda/conda-bld/pytorch_1695392035629/work/aten/src/ATen/native/TensorShape.cpp:3526.)
  return _VF.meshgrid(tensors, **kwargs)  # type: ignore[attr-defined]
slurmstepd: error: *** JOB 5021852 ON atl1-1-01-006-24-0 CANCELLED AT 2024-02-20T16:27:57 ***
---------------------------------------
Begin Slurm Epilog: Feb-20-2024 16:27:59
Job ID:        5021852
Array Job ID:  _4294967294
User ID:       thuang374
Account:       gts-ll72
Job name:      lockdown
Resources:     cpu=8,mem=80G,node=1
Rsrc Used:     cput=23:20:16,vmem=26477064K,walltime=02:55:02,mem=25440328K,energy_used=0
Partition:     gpu-h100
QOS:           inferno
Nodes:         atl1-1-01-006-24-0
---------------------------------------
