---------------------------------------
Begin Slurm Prolog: Feb-22-2024 17:34:30
Job ID:    5047017
User ID:   thuang374
Account:   gts-ll72-paid
Job name:  lockdown
Partition: gpu-h100
QOS:       inferno
---------------------------------------

The following have been reloaded with a version change:
  1) libiconv/1.16-pbdcxj => libiconv/1.17
  2) libxml2/2.9.13-d4fgiv => libxml2/2.10.3
  3) xz/5.2.2-kbeci4 => xz/5.4.1
  4) zlib/1.2.7-s3gked => zlib/1.2.13

/storage/home/hcoda1/7/thuang374/.conda/envs/hts/lib/python3.9/site-packages/torch/nn/functional.py:3769: UserWarning: nn.functional.upsample is deprecated. Use nn.functional.interpolate instead.
  warnings.warn("nn.functional.upsample is deprecated. Use nn.functional.interpolate instead.")
/storage/home/hcoda1/7/thuang374/.conda/envs/hts/lib/python3.9/site-packages/torch/functional.py:504: UserWarning: torch.meshgrid: in an upcoming release, it will be required to pass the indexing argument. (Triggered internally at /opt/conda/conda-bld/pytorch_1695392035629/work/aten/src/ATen/native/TensorShape.cpp:3526.)
  return _VF.meshgrid(tensors, **kwargs)  # type: ignore[attr-defined]
/storage/home/hcoda1/7/thuang374/.conda/envs/hts/lib/python3.9/site-packages/torch/nn/functional.py:3769: UserWarning: nn.functional.upsample is deprecated. Use nn.functional.interpolate instead.
  warnings.warn("nn.functional.upsample is deprecated. Use nn.functional.interpolate instead.")
/storage/home/hcoda1/7/thuang374/.conda/envs/hts/lib/python3.9/site-packages/torch/functional.py:504: UserWarning: torch.meshgrid: in an upcoming release, it will be required to pass the indexing argument. (Triggered internally at /opt/conda/conda-bld/pytorch_1695392035629/work/aten/src/ATen/native/TensorShape.cpp:3526.)
  return _VF.meshgrid(tensors, **kwargs)  # type: ignore[attr-defined]
/storage/home/hcoda1/7/thuang374/.conda/envs/hts/lib/python3.9/site-packages/torch/nn/functional.py:3769: UserWarning: nn.functional.upsample is deprecated. Use nn.functional.interpolate instead.
  warnings.warn("nn.functional.upsample is deprecated. Use nn.functional.interpolate instead.")
/storage/home/hcoda1/7/thuang374/.conda/envs/hts/lib/python3.9/site-packages/torch/functional.py:504: UserWarning: torch.meshgrid: in an upcoming release, it will be required to pass the indexing argument. (Triggered internally at /opt/conda/conda-bld/pytorch_1695392035629/work/aten/src/ATen/native/TensorShape.cpp:3526.)
  return _VF.meshgrid(tensors, **kwargs)  # type: ignore[attr-defined]
Files already downloaded and verified
Files already downloaded and verified
Sparsity of var:conv1.1.weight had to be set to 0.
Sparsity of var:conv1.1.bias had to be set to 0.
Sparsity of var:conv2.1.weight had to be set to 0.
Sparsity of var:conv2.1.bias had to be set to 0.
Sparsity of var:res1.0.1.weight had to be set to 0.
Sparsity of var:res1.0.1.bias had to be set to 0.
Sparsity of var:res1.1.1.weight had to be set to 0.
Sparsity of var:res1.1.1.bias had to be set to 0.
Sparsity of var:conv3.1.weight had to be set to 0.
Sparsity of var:conv3.1.bias had to be set to 0.
Sparsity of var:conv4.1.weight had to be set to 0.
Sparsity of var:conv4.1.bias had to be set to 0.
Sparsity of var:res2.0.1.weight had to be set to 0.
Sparsity of var:res2.0.1.bias had to be set to 0.
Sparsity of var:res2.1.1.weight had to be set to 0.
Sparsity of var:res2.1.1.bias had to be set to 0.
Sparsity of var:classifier.2.weight had to be set to 0.
Sparsity of var:conv1.0.weight had to be set to 0.
Sparsity of var:conv2.0.weight had to be set to 0.
Files already downloaded and verified
Files already downloaded and verified
Sparsity of var:conv1.1.weight had to be set to 0.
Sparsity of var:conv1.1.bias had to be set to 0.
Sparsity of var:conv2.1.weight had to be set to 0.
Sparsity of var:conv2.1.bias had to be set to 0.
Sparsity of var:res1.0.1.weight had to be set to 0.
Sparsity of var:res1.0.1.bias had to be set to 0.
Sparsity of var:res1.1.1.weight had to be set to 0.
Sparsity of var:res1.1.1.bias had to be set to 0.
Sparsity of var:conv3.1.weight had to be set to 0.
Sparsity of var:conv3.1.bias had to be set to 0.
Sparsity of var:conv4.1.weight had to be set to 0.
Sparsity of var:conv4.1.bias had to be set to 0.
Sparsity of var:res2.0.1.weight had to be set to 0.
Sparsity of var:res2.0.1.bias had to be set to 0.
Sparsity of var:res2.1.1.weight had to be set to 0.
Sparsity of var:res2.1.1.bias had to be set to 0.
Sparsity of var:classifier.2.weight had to be set to 0.
Sparsity of var:conv1.0.weight had to be set to 0.
Sparsity of var:conv2.0.weight had to be set to 0.
Files already downloaded and verified
Files already downloaded and verified
Sparsity of var:conv1.1.weight had to be set to 0.
Sparsity of var:conv1.1.bias had to be set to 0.
Sparsity of var:conv2.1.weight had to be set to 0.
Sparsity of var:conv2.1.bias had to be set to 0.
Sparsity of var:res1.0.1.weight had to be set to 0.
Sparsity of var:res1.0.1.bias had to be set to 0.
Sparsity of var:res1.1.1.weight had to be set to 0.
Sparsity of var:res1.1.1.bias had to be set to 0.
Sparsity of var:conv3.1.weight had to be set to 0.
Sparsity of var:conv3.1.bias had to be set to 0.
Sparsity of var:conv4.1.weight had to be set to 0.
Sparsity of var:conv4.1.bias had to be set to 0.
Sparsity of var:res2.0.1.weight had to be set to 0.
Sparsity of var:res2.0.1.bias had to be set to 0.
Sparsity of var:res2.1.1.weight had to be set to 0.
Sparsity of var:res2.1.1.bias had to be set to 0.
Sparsity of var:classifier.2.weight had to be set to 0.
Sparsity of var:conv1.0.weight had to be set to 0.
Sparsity of var:conv2.0.weight had to be set to 0.
---------------------------------------
Begin Slurm Epilog: Feb-23-2024 00:47:03
Job ID:        5047017
Array Job ID:  _4294967294
User ID:       thuang374
Account:       gts-ll72-paid
Job name:      lockdown
Resources:     cpu=8,mem=80G,node=1
Rsrc Used:     cput=2-09:40:24,vmem=24240896K,walltime=07:12:33,mem=23309136K,energy_used=0
Partition:     gpu-h100
QOS:           inferno
Nodes:         atl1-1-01-006-24-0
---------------------------------------
