---------------------------------------
Begin Slurm Prolog: Feb-19-2024 22:30:33
Job ID:    5007390
User ID:   thuang374
Account:   gts-ll72
Job name:  lockdown
Partition: gpu-a100
QOS:       inferno
---------------------------------------
/storage/coda1/p-ll72/0/thuang374/hts3/Silencer/src/utils.py:159: UserWarning: To copy construct from a tensor, it is recommended to use sourceTensor.clone().detach() or sourceTensor.clone().detach().requires_grad_(True), rather than torch.tensor(sourceTensor).
  labels_sorted = torch.tensor(dataset.targets).sort()
/storage/coda1/p-ll72/0/thuang374/hts3/Silencer/src/utils.py:159: UserWarning: To copy construct from a tensor, it is recommended to use sourceTensor.clone().detach() or sourceTensor.clone().detach().requires_grad_(True), rather than torch.tensor(sourceTensor).
  labels_sorted = torch.tensor(dataset.targets).sort()
/storage/coda1/p-ll72/0/thuang374/hts3/Silencer/src/utils.py:159: UserWarning: To copy construct from a tensor, it is recommended to use sourceTensor.clone().detach() or sourceTensor.clone().detach().requires_grad_(True), rather than torch.tensor(sourceTensor).
  labels_sorted = torch.tensor(dataset.targets).sort()
Files already downloaded and verified
Files already downloaded and verified
Traceback (most recent call last):
  File "/storage/coda1/p-ll72/0/thuang374/hts3/Silencer/src/decentralized.py", line 319, in <module>
    fp_set.targets[idx] = args.target_class
IndexError: index 9000 is out of bounds for dimension 0 with size 9000
Files already downloaded and verified
Files already downloaded and verified
Traceback (most recent call last):
  File "/storage/coda1/p-ll72/0/thuang374/hts3/Silencer/src/decentralized.py", line 319, in <module>
Files already downloaded and verified
Files already downloaded and verified
Traceback (most recent call last):
  File "/storage/coda1/p-ll72/0/thuang374/hts3/Silencer/src/decentralized.py", line 319, in <module>
    fp_set.targets[idx] = args.target_class
IndexError: index 9000 is out of bounds for dimension 0 with size 9000
    fp_set.targets[idx] = args.target_class
IndexError: index 9000 is out of bounds for dimension 0 with size 9000
---------------------------------------
Begin Slurm Epilog: Feb-19-2024 22:31:01
Job ID:        5007390
Array Job ID:  _4294967294
User ID:       thuang374
Account:       gts-ll72
Job name:      lockdown
Resources:     cpu=32,gres/gpu:a100=1,mem=320G,node=1
Rsrc Used:     cput=00:14:56,vmem=291636K,walltime=00:00:28,mem=0,energy_used=0
Partition:     gpu-a100
QOS:           inferno
Nodes:         atl1-1-01-006-9-0
---------------------------------------
