---------------------------------------
Begin Slurm Prolog: Feb-23-2024 00:02:33
Job ID:    5050720
User ID:   thuang374
Account:   gts-ll72
Job name:  lockdown
Partition: gpu-h100
QOS:       inferno
---------------------------------------
Lmod has detected the following error: The following module(s) are unknown:
"pytorch/1.12.0"

Please check the spelling or version number. Also try "module spider ..."
It is also possible your cache file is out-of-date; it may help to try:
  $ module --ignore_cache load "pytorch/1.12.0"

Also make sure that all modulefiles written in TCL start with the string
#%Module



/var/lib/slurm/slurmd/job5050720/slurm_script: line 14: activate: No such file or directory
Traceback (most recent call last):
Traceback (most recent call last):
  File "/storage/coda1/p-ll72/0/thuang374/hts3/Silencer/src/decentralized.py", line 1, in <module>
  File "/storage/coda1/p-ll72/0/thuang374/hts3/Silencer/src/decentralized.py", line 1, in <module>
    import utils
  File "/storage/coda1/p-ll72/0/thuang374/hts3/Silencer/src/utils.py", line 5, in <module>
    import utils
  File "/storage/coda1/p-ll72/0/thuang374/hts3/Silencer/src/utils.py", line 5, in <module>
    import torch
ModuleNotFoundError: No module named 'torch'
    import torch
ModuleNotFoundError: No module named 'torch'
---------------------------------------
Begin Slurm Epilog: Feb-23-2024 00:02:36
Job ID:        5050720
Array Job ID:  _4294967294
User ID:       thuang374
Account:       gts-ll72
Job name:      lockdown
Resources:     cpu=8,mem=80G,node=1
Rsrc Used:     cput=00:00:24,vmem=2404K,walltime=00:00:03,mem=1576K,energy_used=0
Partition:     gpu-h100
QOS:           inferno
Nodes:         atl1-1-01-006-24-0
---------------------------------------
