---------------------------------------
Begin Slurm Prolog: Feb-20-2024 02:21:57
Job ID:    5008744
User ID:   thuang374
Account:   gts-ll72
Job name:  lockdown
Partition: gpu-h100
QOS:       inferno
---------------------------------------

CommandNotFoundError: Your shell has not been properly configured to use 'conda deactivate'.
To initialize your shell, run

    $ conda init <SHELL_NAME>

Currently supported shells are:
  - bash
  - fish
  - tcsh
  - xonsh
  - zsh
  - powershell

See 'conda init --help' for more information and options.

IMPORTANT: You may need to close and restart your shell after running 'conda init'.


/storage/coda1/p-ll72/0/thuang374/hts3/Silencer/src/utils.py:161: UserWarning: To copy construct from a tensor, it is recommended to use sourceTensor.clone().detach() or sourceTensor.clone().detach().requires_grad_(True), rather than torch.tensor(sourceTensor).
  labels_sorted = torch.tensor(dataset.targets).sort()
/storage/coda1/p-ll72/0/thuang374/hts3/Silencer/src/utils.py:161: UserWarning: To copy construct from a tensor, it is recommended to use sourceTensor.clone().detach() or sourceTensor.clone().detach().requires_grad_(True), rather than torch.tensor(sourceTensor).
  labels_sorted = torch.tensor(dataset.targets).sort()
/storage/coda1/p-ll72/0/thuang374/hts3/Silencer/src/utils.py:161: UserWarning: To copy construct from a tensor, it is recommended to use sourceTensor.clone().detach() or sourceTensor.clone().detach().requires_grad_(True), rather than torch.tensor(sourceTensor).
  labels_sorted = torch.tensor(dataset.targets).sort()
/storage/home/hcoda1/7/thuang374/.conda/envs/hts/lib/python3.9/site-packages/torch/nn/functional.py:3769: UserWarning: nn.functional.upsample is deprecated. Use nn.functional.interpolate instead.
  warnings.warn("nn.functional.upsample is deprecated. Use nn.functional.interpolate instead.")
/storage/home/hcoda1/7/thuang374/.conda/envs/hts/lib/python3.9/site-packages/torch/functional.py:504: UserWarning: torch.meshgrid: in an upcoming release, it will be required to pass the indexing argument. (Triggered internally at /opt/conda/conda-bld/pytorch_1695392035629/work/aten/src/ATen/native/TensorShape.cpp:3526.)
  return _VF.meshgrid(tensors, **kwargs)  # type: ignore[attr-defined]
/storage/home/hcoda1/7/thuang374/.conda/envs/hts/lib/python3.9/site-packages/torch/nn/functional.py:3769: UserWarning: nn.functional.upsample is deprecated. Use nn.functional.interpolate instead.
  warnings.warn("nn.functional.upsample is deprecated. Use nn.functional.interpolate instead.")
/storage/home/hcoda1/7/thuang374/.conda/envs/hts/lib/python3.9/site-packages/torch/functional.py:504: UserWarning: torch.meshgrid: in an upcoming release, it will be required to pass the indexing argument. (Triggered internally at /opt/conda/conda-bld/pytorch_1695392035629/work/aten/src/ATen/native/TensorShape.cpp:3526.)
  return _VF.meshgrid(tensors, **kwargs)  # type: ignore[attr-defined]
/storage/home/hcoda1/7/thuang374/.conda/envs/hts/lib/python3.9/site-packages/torch/nn/functional.py:3769: UserWarning: nn.functional.upsample is deprecated. Use nn.functional.interpolate instead.
  warnings.warn("nn.functional.upsample is deprecated. Use nn.functional.interpolate instead.")
/storage/home/hcoda1/7/thuang374/.conda/envs/hts/lib/python3.9/site-packages/torch/functional.py:504: UserWarning: torch.meshgrid: in an upcoming release, it will be required to pass the indexing argument. (Triggered internally at /opt/conda/conda-bld/pytorch_1695392035629/work/aten/src/ATen/native/TensorShape.cpp:3526.)
  return _VF.meshgrid(tensors, **kwargs)  # type: ignore[attr-defined]
Files already downloaded and verified
Files already downloaded and verified
Sparsity of var:conv1.1.weight had to be set to 0.
Sparsity of var:conv1.1.bias had to be set to 0.
Sparsity of var:conv2.1.weight had to be set to 0.
Sparsity of var:conv2.1.bias had to be set to 0.
Sparsity of var:res1.0.1.weight had to be set to 0.
Sparsity of var:res1.0.1.bias had to be set to 0.
Sparsity of var:res1.1.1.weight had to be set to 0.
Sparsity of var:res1.1.1.bias had to be set to 0.
Sparsity of var:conv3.1.weight had to be set to 0.
Sparsity of var:conv3.1.bias had to be set to 0.
Sparsity of var:conv4.1.weight had to be set to 0.
Sparsity of var:conv4.1.bias had to be set to 0.
Sparsity of var:res2.0.1.weight had to be set to 0.
Sparsity of var:res2.0.1.bias had to be set to 0.
Sparsity of var:res2.1.1.weight had to be set to 0.
Sparsity of var:res2.1.1.bias had to be set to 0.
Sparsity of var:classifier.2.weight had to be set to 0.
Sparsity of var:conv1.0.weight had to be set to 0.
Sparsity of var:conv2.0.weight had to be set to 0.
Traceback (most recent call last):
  File "/storage/coda1/p-ll72/0/thuang374/hts3/Silencer/src/decentralized.py", line 432, in <module>
    update = agents[agent_id].local_train(global_model, criterion, rnd, neurotoxin_mask=neurotoxin_mask,identity_grid=identity_grid, noise_grid=noise_grid)
TypeError: local_train() got an unexpected keyword argument 'identity_grid'
Files already downloaded and verified
Files already downloaded and verified
Sparsity of var:conv1.1.weight had to be set to 0.
Sparsity of var:conv1.1.bias had to be set to 0.
Sparsity of var:conv2.1.weight had to be set to 0.
Sparsity of var:conv2.1.bias had to be set to 0.
Sparsity of var:res1.0.1.weight had to be set to 0.
Sparsity of var:res1.0.1.bias had to be set to 0.
Sparsity of var:res1.1.1.weight had to be set to 0.
Sparsity of var:res1.1.1.bias had to be set to 0.
Sparsity of var:conv3.1.weight had to be set to 0.
Sparsity of var:conv3.1.bias had to be set to 0.
Sparsity of var:conv4.1.weight had to be set to 0.
Sparsity of var:conv4.1.bias had to be set to 0.
Sparsity of var:res2.0.1.weight had to be set to 0.
Sparsity of var:res2.0.1.bias had to be set to 0.
Sparsity of var:res2.1.1.weight had to be set to 0.
Sparsity of var:res2.1.1.bias had to be set to 0.
Sparsity of var:classifier.2.weight had to be set to 0.
Sparsity of var:conv1.0.weight had to be set to 0.
Sparsity of var:conv2.0.weight had to be set to 0.
Traceback (most recent call last):
  File "/storage/coda1/p-ll72/0/thuang374/hts3/Silencer/src/decentralized.py", line 432, in <module>
    update = agents[agent_id].local_train(global_model, criterion, rnd, neurotoxin_mask=neurotoxin_mask,identity_grid=identity_grid, noise_grid=noise_grid)
TypeError: local_train() got an unexpected keyword argument 'identity_grid'
Files already downloaded and verified
Files already downloaded and verified
Sparsity of var:conv1.1.weight had to be set to 0.
Sparsity of var:conv1.1.bias had to be set to 0.
Sparsity of var:conv2.1.weight had to be set to 0.
Sparsity of var:conv2.1.bias had to be set to 0.
Sparsity of var:res1.0.1.weight had to be set to 0.
Sparsity of var:res1.0.1.bias had to be set to 0.
Sparsity of var:res1.1.1.weight had to be set to 0.
Sparsity of var:res1.1.1.bias had to be set to 0.
Sparsity of var:conv3.1.weight had to be set to 0.
Sparsity of var:conv3.1.bias had to be set to 0.
Sparsity of var:conv4.1.weight had to be set to 0.
Sparsity of var:conv4.1.bias had to be set to 0.
Sparsity of var:res2.0.1.weight had to be set to 0.
Sparsity of var:res2.0.1.bias had to be set to 0.
Sparsity of var:res2.1.1.weight had to be set to 0.
Sparsity of var:res2.1.1.bias had to be set to 0.
Sparsity of var:classifier.2.weight had to be set to 0.
Sparsity of var:conv1.0.weight had to be set to 0.
Sparsity of var:conv2.0.weight had to be set to 0.
Traceback (most recent call last):
  File "/storage/coda1/p-ll72/0/thuang374/hts3/Silencer/src/decentralized.py", line 432, in <module>
    update = agents[agent_id].local_train(global_model, criterion, rnd, neurotoxin_mask=neurotoxin_mask,identity_grid=identity_grid, noise_grid=noise_grid)
TypeError: local_train() got an unexpected keyword argument 'identity_grid'
---------------------------------------
Begin Slurm Epilog: Feb-20-2024 02:32:58
Job ID:        5008744
Array Job ID:  _4294967294
User ID:       thuang374
Account:       gts-ll72
Job name:      lockdown
Resources:     cpu=8,mem=80G,node=1
Rsrc Used:     cput=01:28:08,vmem=15973472K,walltime=00:11:01,mem=15866928K,energy_used=0
Partition:     gpu-h100
QOS:           inferno
Nodes:         atl1-1-01-006-29-0
---------------------------------------
